<?xml version="1.0" encoding="UTF-8"?>
<!-- Generated by org.testng.reporters.JUnitReportReporter -->
<testsuite hostname="LAPTOP-Q4DCNU94" failures="0" tests="1" name="regressiontests.getFlightDetails" time="49.137" errors="0" timestamp="2025-04-19T16:14:20 IST" skipped="0">
  <testcase classname="regressiontests.getFlightDetails" name="getFlightInfo" time="49.137"/>
</testsuite> <!-- regressiontests.getFlightDetails -->
